2022-04-19 13:28:00.772  INFO 15260 --- [main] h.t.e.EIndexApplication                  : Starting EIndexApplication using Java 15 on DESKTOP-QKA415C with PID 15260 (D:\FAX\eIndex\target\classes started by Nikola in D:\FAX\eIndex)
2022-04-19 13:28:00.778  INFO 15260 --- [main] h.t.e.EIndexApplication                  : The following 1 profile is active: "dev"
2022-04-19 13:28:01.317  INFO 15260 --- [main] .s.d.r.c.RepositoryConfigurationDelegate : Bootstrapping Spring Data JPA repositories in DEFAULT mode.
2022-04-19 13:28:01.366  INFO 15260 --- [main] .s.d.r.c.RepositoryConfigurationDelegate : Finished Spring Data repository scanning in 42 ms. Found 3 JPA repository interfaces.
2022-04-19 13:28:01.762  INFO 15260 --- [main] o.s.b.w.e.t.TomcatWebServer              : Tomcat initialized with port(s): 8080 (http)
2022-04-19 13:28:01.768  INFO 15260 --- [main] o.a.c.c.StandardService                  : Starting service [Tomcat]
2022-04-19 13:28:01.768  INFO 15260 --- [main] o.a.c.c.StandardEngine                   : Starting Servlet engine: [Apache Tomcat/9.0.58]
2022-04-19 13:28:01.868  INFO 15260 --- [main] o.a.c.c.C.[.[.[/]                        : Initializing Spring embedded WebApplicationContext
2022-04-19 13:28:01.869  INFO 15260 --- [main] w.s.c.ServletWebServerApplicationContext : Root WebApplicationContext: initialization completed in 1061 ms
2022-04-19 13:28:01.899  INFO 15260 --- [main] c.z.h.HikariDataSource                   : HikariPool-1 - Starting...
2022-04-19 13:28:01.962  INFO 15260 --- [main] c.z.h.HikariDataSource                   : HikariPool-1 - Start completed.
2022-04-19 13:28:01.971  INFO 15260 --- [main] o.s.b.a.h.H2ConsoleAutoConfiguration     : H2 console available at '/h2-console'. Database available at 'jdbc:h2:mem:testdb'
2022-04-19 13:28:02.064  WARN 15260 --- [main] JpaBaseConfiguration$JpaWebConfiguration : spring.jpa.open-in-view is enabled by default. Therefore, database queries may be performed during view rendering. Explicitly configure spring.jpa.open-in-view to disable this warning
2022-04-19 13:28:02.807  INFO 15260 --- [main] j.LocalContainerEntityManagerFactoryBean : Initialized JPA EntityManagerFactory for persistence unit 'default'
2022-04-19 13:28:02.905 DEBUG 15260 --- [main] o.s.w.f.CorsFilter                       : Filter 'corsFilter' configured for use
2022-04-19 13:28:03.363  WARN 15260 --- [main] o.s.s.c.a.w.b.WebSecurity                : You are asking Spring Security to ignore Ant [pattern='/**', OPTIONS]. This is not recommended -- please use permitAll via HttpSecurity#authorizeHttpRequests instead.
2022-04-19 13:28:03.364  INFO 15260 --- [main] o.s.s.w.DefaultSecurityFilterChain       : Will secure Ant [pattern='/**', OPTIONS] with []
2022-04-19 13:28:03.364  WARN 15260 --- [main] o.s.s.c.a.w.b.WebSecurity                : You are asking Spring Security to ignore Ant [pattern='/h2-console/**']. This is not recommended -- please use permitAll via HttpSecurity#authorizeHttpRequests instead.
2022-04-19 13:28:03.364  INFO 15260 --- [main] o.s.s.w.DefaultSecurityFilterChain       : Will secure Ant [pattern='/h2-console/**'] with []
2022-04-19 13:28:03.399  INFO 15260 --- [main] o.s.s.w.DefaultSecurityFilterChain       : Will not secure any request
2022-04-19 13:28:03.496 DEBUG 15260 --- [main] s.w.s.m.m.a.RequestMappingHandlerAdapter : ControllerAdvice beans: 0 @ModelAttribute, 0 @InitBinder, 1 RequestBodyAdvice, 1 ResponseBodyAdvice
2022-04-19 13:28:03.550 DEBUG 15260 --- [main] s.w.s.m.m.a.RequestMappingHandlerMapping : 22 mappings in 'requestMappingHandlerMapping'
2022-04-19 13:28:03.600 DEBUG 15260 --- [main] o.s.w.s.h.SimpleUrlHandlerMapping        : Patterns [/webjars/**, /**] in 'resourceHandlerMapping'
2022-04-19 13:28:03.614 DEBUG 15260 --- [main] .m.m.a.ExceptionHandlerExceptionResolver : ControllerAdvice beans: 0 @ExceptionHandler, 1 ResponseBodyAdvice
2022-04-19 13:28:03.737  INFO 15260 --- [main] o.s.b.w.e.t.TomcatWebServer              : Tomcat started on port(s): 8080 (http) with context path ''
2022-04-19 13:28:03.747  INFO 15260 --- [main] h.t.e.EIndexApplication                  : Started EIndexApplication in 3.4 seconds (JVM running for 4.393)
2022-04-19 13:28:04.723  INFO 15260 --- [http-nio-8080-exec-1] o.a.c.c.C.[.[.[/]                        : Initializing Spring DispatcherServlet 'dispatcherServlet'
2022-04-19 13:28:04.723  INFO 15260 --- [http-nio-8080-exec-1] o.s.w.s.DispatcherServlet                : Initializing Servlet 'dispatcherServlet'
2022-04-19 13:28:04.723 DEBUG 15260 --- [http-nio-8080-exec-1] o.s.w.s.DispatcherServlet                : Detected StandardServletMultipartResolver
2022-04-19 13:28:04.723 DEBUG 15260 --- [http-nio-8080-exec-1] o.s.w.s.DispatcherServlet                : Detected AcceptHeaderLocaleResolver
2022-04-19 13:28:04.724 DEBUG 15260 --- [http-nio-8080-exec-1] o.s.w.s.DispatcherServlet                : Detected FixedThemeResolver
2022-04-19 13:28:04.724 DEBUG 15260 --- [http-nio-8080-exec-1] o.s.w.s.DispatcherServlet                : Detected org.springframework.web.servlet.view.DefaultRequestToViewNameTranslator@7d4e424e
2022-04-19 13:28:04.724 DEBUG 15260 --- [http-nio-8080-exec-1] o.s.w.s.DispatcherServlet                : Detected org.springframework.web.servlet.support.SessionFlashMapManager@5570dc21
2022-04-19 13:28:04.725 DEBUG 15260 --- [http-nio-8080-exec-1] o.s.w.s.DispatcherServlet                : enableLoggingRequestDetails='false': request parameters and headers will be masked to prevent unsafe logging of potentially sensitive data
2022-04-19 13:28:04.725  INFO 15260 --- [http-nio-8080-exec-1] o.s.w.s.DispatcherServlet                : Completed initialization in 2 ms
2022-04-19 13:28:04.806 DEBUG 15260 --- [http-nio-8080-exec-2] o.s.w.s.DispatcherServlet                : GET "/api/user/current-user", parameters={}
2022-04-19 13:28:04.809 DEBUG 15260 --- [http-nio-8080-exec-2] s.w.s.m.m.a.RequestMappingHandlerMapping : Mapped to hr.tvz.eindex.user.UserController#getCurrentUser()
2022-04-19 13:28:04.924 DEBUG 15260 --- [http-nio-8080-exec-2] o.s.w.s.m.m.a.HttpEntityMethodProcessor  : Using 'application/json', given [application/json, text/plain, */*] and supported [application/json]
2022-04-19 13:28:04.943 DEBUG 15260 --- [http-nio-8080-exec-2] o.s.w.s.m.m.a.HttpEntityMethodProcessor  : Writing [hr.tvz.eindex.user.UserDTO@7555130a]
2022-04-19 13:28:04.952 DEBUG 15260 --- [http-nio-8080-exec-2] o.s.w.s.DispatcherServlet                : Completed 200 OK
2022-04-19 13:28:05.001 DEBUG 15260 --- [http-nio-8080-exec-4] o.s.w.s.DispatcherServlet                : GET "/api/user/allProfessors", parameters={}
2022-04-19 13:28:05.001 DEBUG 15260 --- [http-nio-8080-exec-4] s.w.s.m.m.a.RequestMappingHandlerMapping : Mapped to hr.tvz.eindex.user.UserController#getProfesorByTitle()
2022-04-19 13:28:05.008 DEBUG 15260 --- [http-nio-8080-exec-4] m.m.a.RequestResponseBodyMethodProcessor : Using 'application/json', given [application/json, text/plain, */*] and supported [application/json]
2022-04-19 13:28:05.010 DEBUG 15260 --- [http-nio-8080-exec-4] m.m.a.RequestResponseBodyMethodProcessor : Writing [[hr.tvz.eindex.user.UserDTO@11d04b65, hr.tvz.eindex.user.UserDTO@10e78428, hr.tvz.eindex.user.UserDT (truncated)...]
2022-04-19 13:28:05.013 DEBUG 15260 --- [http-nio-8080-exec-4] o.s.w.s.DispatcherServlet                : Completed 200 OK
2022-04-19 13:28:05.405 DEBUG 15260 --- [http-nio-8080-exec-5] o.s.w.s.DispatcherServlet                : GET "/api/user/current-user", parameters={}
2022-04-19 13:28:05.406 DEBUG 15260 --- [http-nio-8080-exec-5] s.w.s.m.m.a.RequestMappingHandlerMapping : Mapped to hr.tvz.eindex.user.UserController#getCurrentUser()
2022-04-19 13:28:05.408 DEBUG 15260 --- [http-nio-8080-exec-5] o.s.w.s.m.m.a.HttpEntityMethodProcessor  : Using 'application/json', given [application/json, text/plain, */*] and supported [application/json]
2022-04-19 13:28:05.409 DEBUG 15260 --- [http-nio-8080-exec-5] o.s.w.s.m.m.a.HttpEntityMethodProcessor  : Writing [hr.tvz.eindex.user.UserDTO@7aba210f]
2022-04-19 13:28:05.410 DEBUG 15260 --- [http-nio-8080-exec-5] o.s.w.s.DispatcherServlet                : Completed 200 OK
2022-04-19 13:28:05.433 DEBUG 15260 --- [http-nio-8080-exec-7] o.s.w.s.DispatcherServlet                : GET "/api/user/allStudents", parameters={}
2022-04-19 13:28:05.433 DEBUG 15260 --- [http-nio-8080-exec-7] s.w.s.m.m.a.RequestMappingHandlerMapping : Mapped to hr.tvz.eindex.user.UserController#getStudentByTitle()
2022-04-19 13:28:05.434  INFO 15260 --- [http-nio-8080-exec-7] h.t.e.u.UserController                   : Dobili samo studente
2022-04-19 13:28:05.437 DEBUG 15260 --- [http-nio-8080-exec-7] m.m.a.RequestResponseBodyMethodProcessor : Using 'application/json', given [application/json, text/plain, */*] and supported [application/json]
2022-04-19 13:28:05.437 DEBUG 15260 --- [http-nio-8080-exec-7] m.m.a.RequestResponseBodyMethodProcessor : Writing [[hr.tvz.eindex.user.UserDTO@4154340c, hr.tvz.eindex.user.UserDTO@5c996b0e, hr.tvz.eindex.user.UserDT (truncated)...]
2022-04-19 13:28:05.438 DEBUG 15260 --- [http-nio-8080-exec-7] o.s.w.s.DispatcherServlet                : Completed 200 OK
2022-04-19 13:28:21.287 DEBUG 15260 --- [http-nio-8080-exec-1] o.s.w.s.DispatcherServlet                : POST "/api/authenticate", parameters={}
2022-04-19 13:28:21.288 DEBUG 15260 --- [http-nio-8080-exec-1] s.w.s.m.m.a.RequestMappingHandlerMapping : Mapped to hr.tvz.eindex.security.web.LoginController#authenticate(LoginDTO)
2022-04-19 13:28:21.303 DEBUG 15260 --- [http-nio-8080-exec-1] m.m.a.RequestResponseBodyMethodProcessor : Read "application/json;charset=UTF-8" to [hr.tvz.eindex.security.web.LoginController$LoginDTO@2330aa89]
2022-04-19 13:28:21.541 DEBUG 15260 --- [http-nio-8080-exec-1] o.s.w.s.m.m.a.HttpEntityMethodProcessor  : Using 'application/json', given [application/json, text/plain, */*] and supported [application/json, application/*+json, application/json, application/*+json]
2022-04-19 13:28:21.542 DEBUG 15260 --- [http-nio-8080-exec-1] o.s.w.s.m.m.a.HttpEntityMethodProcessor  : Writing [hr.tvz.eindex.security.web.LoginController$JWTToken@76b8e347]
2022-04-19 13:28:21.543 DEBUG 15260 --- [http-nio-8080-exec-1] o.s.w.s.DispatcherServlet                : Completed 200 OK
2022-04-19 13:28:21.561 DEBUG 15260 --- [http-nio-8080-exec-4] o.s.w.s.DispatcherServlet                : GET "/api/user/current-user", parameters={}
2022-04-19 13:28:21.561 DEBUG 15260 --- [http-nio-8080-exec-4] s.w.s.m.m.a.RequestMappingHandlerMapping : Mapped to hr.tvz.eindex.user.UserController#getCurrentUser()
2022-04-19 13:28:21.563 DEBUG 15260 --- [http-nio-8080-exec-4] o.s.w.s.m.m.a.HttpEntityMethodProcessor  : Using 'application/json', given [application/json, text/plain, */*] and supported [application/json]
2022-04-19 13:28:21.563 DEBUG 15260 --- [http-nio-8080-exec-4] o.s.w.s.m.m.a.HttpEntityMethodProcessor  : Writing [hr.tvz.eindex.user.UserDTO@2ce54a2]
2022-04-19 13:28:21.563 DEBUG 15260 --- [http-nio-8080-exec-4] o.s.w.s.DispatcherServlet                : Completed 200 OK
2022-04-19 13:28:21.570 DEBUG 15260 --- [http-nio-8080-exec-5] o.s.w.s.DispatcherServlet                : GET "/api/user/current-user", parameters={}
2022-04-19 13:28:21.570 DEBUG 15260 --- [http-nio-8080-exec-5] s.w.s.m.m.a.RequestMappingHandlerMapping : Mapped to hr.tvz.eindex.user.UserController#getCurrentUser()
2022-04-19 13:28:21.572 DEBUG 15260 --- [http-nio-8080-exec-5] o.s.w.s.m.m.a.HttpEntityMethodProcessor  : Using 'application/json', given [application/json, text/plain, */*] and supported [application/json]
2022-04-19 13:28:21.573 DEBUG 15260 --- [http-nio-8080-exec-5] o.s.w.s.m.m.a.HttpEntityMethodProcessor  : Writing [hr.tvz.eindex.user.UserDTO@be7221]
2022-04-19 13:28:21.573 DEBUG 15260 --- [http-nio-8080-exec-5] o.s.w.s.DispatcherServlet                : Completed 200 OK
2022-04-19 13:28:21.610 DEBUG 15260 --- [http-nio-8080-exec-9] o.s.w.s.DispatcherServlet                : GET "/api/user/allStudents", parameters={}
2022-04-19 13:28:21.610 DEBUG 15260 --- [http-nio-8080-exec-10] o.s.w.s.DispatcherServlet                : GET "/api/user/allProfessors", parameters={}
2022-04-19 13:28:21.611 DEBUG 15260 --- [http-nio-8080-exec-9] s.w.s.m.m.a.RequestMappingHandlerMapping : Mapped to hr.tvz.eindex.user.UserController#getStudentByTitle()
2022-04-19 13:28:21.611 DEBUG 15260 --- [http-nio-8080-exec-10] s.w.s.m.m.a.RequestMappingHandlerMapping : Mapped to hr.tvz.eindex.user.UserController#getProfesorByTitle()
2022-04-19 13:28:21.611  INFO 15260 --- [http-nio-8080-exec-9] h.t.e.u.UserController                   : Dobili samo studente
2022-04-19 13:28:21.611 DEBUG 15260 --- [http-nio-8080-exec-1] o.s.w.s.DispatcherServlet                : GET "/kolegiji", parameters={}
2022-04-19 13:28:21.611 DEBUG 15260 --- [http-nio-8080-exec-1] s.w.s.m.m.a.RequestMappingHandlerMapping : Mapped to hr.tvz.eindex.kolegij.KolegijController#getAllKolegij()
2022-04-19 13:28:21.613 DEBUG 15260 --- [http-nio-8080-exec-9] m.m.a.RequestResponseBodyMethodProcessor : Using 'application/json', given [application/json, text/plain, */*] and supported [application/json]
2022-04-19 13:28:21.613 DEBUG 15260 --- [http-nio-8080-exec-9] m.m.a.RequestResponseBodyMethodProcessor : Writing [[hr.tvz.eindex.user.UserDTO@3b7cc922, hr.tvz.eindex.user.UserDTO@4b2e550d, hr.tvz.eindex.user.UserDT (truncated)...]
2022-04-19 13:28:21.614 DEBUG 15260 --- [http-nio-8080-exec-10] m.m.a.RequestResponseBodyMethodProcessor : Using 'application/json', given [application/json, text/plain, */*] and supported [application/json]
2022-04-19 13:28:21.614 DEBUG 15260 --- [http-nio-8080-exec-10] m.m.a.RequestResponseBodyMethodProcessor : Writing [[hr.tvz.eindex.user.UserDTO@f82065c, hr.tvz.eindex.user.UserDTO@464b027a, hr.tvz.eindex.user.UserDTO (truncated)...]
2022-04-19 13:28:21.615 DEBUG 15260 --- [http-nio-8080-exec-9] o.s.w.s.DispatcherServlet                : Completed 200 OK
2022-04-19 13:28:21.615 DEBUG 15260 --- [http-nio-8080-exec-10] o.s.w.s.DispatcherServlet                : Completed 200 OK
2022-04-19 13:28:21.619 DEBUG 15260 --- [http-nio-8080-exec-1] m.m.a.RequestResponseBodyMethodProcessor : Using 'application/json', given [application/json, text/plain, */*] and supported [application/json, application/*+json, application/json, application/*+json]
2022-04-19 13:28:21.619 DEBUG 15260 --- [http-nio-8080-exec-1] m.m.a.RequestResponseBodyMethodProcessor : Writing [[hr.tvz.eindex.kolegij.KolegijDTO@2c56146d, hr.tvz.eindex.kolegij.KolegijDTO@69c2bc0a, hr.tvz.eindex (truncated)...]
2022-04-19 13:28:21.621 DEBUG 15260 --- [http-nio-8080-exec-1] o.s.w.s.DispatcherServlet                : Completed 200 OK
2022-04-19 13:28:22.342 DEBUG 15260 --- [http-nio-8080-exec-2] o.s.w.s.DispatcherServlet                : GET "/api/user/current-user", parameters={}
2022-04-19 13:28:22.342 DEBUG 15260 --- [http-nio-8080-exec-2] s.w.s.m.m.a.RequestMappingHandlerMapping : Mapped to hr.tvz.eindex.user.UserController#getCurrentUser()
2022-04-19 13:28:22.344 DEBUG 15260 --- [http-nio-8080-exec-2] o.s.w.s.m.m.a.HttpEntityMethodProcessor  : Using 'application/json', given [application/json, text/plain, */*] and supported [application/json]
2022-04-19 13:28:22.344 DEBUG 15260 --- [http-nio-8080-exec-2] o.s.w.s.m.m.a.HttpEntityMethodProcessor  : Writing [hr.tvz.eindex.user.UserDTO@59966de6]
2022-04-19 13:28:22.345 DEBUG 15260 --- [http-nio-8080-exec-2] o.s.w.s.DispatcherServlet                : Completed 200 OK
2022-04-19 13:28:22.370 DEBUG 15260 --- [http-nio-8080-exec-3] o.s.w.s.DispatcherServlet                : GET "/api/user/allStudents", parameters={}
2022-04-19 13:28:22.371 DEBUG 15260 --- [http-nio-8080-exec-3] s.w.s.m.m.a.RequestMappingHandlerMapping : Mapped to hr.tvz.eindex.user.UserController#getStudentByTitle()
2022-04-19 13:28:22.371  INFO 15260 --- [http-nio-8080-exec-3] h.t.e.u.UserController                   : Dobili samo studente
2022-04-19 13:28:22.374 DEBUG 15260 --- [http-nio-8080-exec-3] m.m.a.RequestResponseBodyMethodProcessor : Using 'application/json', given [application/json, text/plain, */*] and supported [application/json]
2022-04-19 13:28:22.374 DEBUG 15260 --- [http-nio-8080-exec-3] m.m.a.RequestResponseBodyMethodProcessor : Writing [[hr.tvz.eindex.user.UserDTO@59923ce1, hr.tvz.eindex.user.UserDTO@581a1cbb, hr.tvz.eindex.user.UserDT (truncated)...]
2022-04-19 13:28:22.375 DEBUG 15260 --- [http-nio-8080-exec-3] o.s.w.s.DispatcherServlet                : Completed 200 OK
