2022-04-19 14:14:16.129  INFO 15752 --- [main] h.t.e.EIndexApplication                  : Starting EIndexApplication using Java 15 on DESKTOP-QKA415C with PID 15752 (D:\FAX\eIndex\target\classes started by Nikola in D:\FAX\eIndex)
2022-04-19 14:14:16.135  INFO 15752 --- [main] h.t.e.EIndexApplication                  : The following 1 profile is active: "dev"
2022-04-19 14:14:16.685  INFO 15752 --- [main] .s.d.r.c.RepositoryConfigurationDelegate : Bootstrapping Spring Data JPA repositories in DEFAULT mode.
2022-04-19 14:14:16.731  INFO 15752 --- [main] .s.d.r.c.RepositoryConfigurationDelegate : Finished Spring Data repository scanning in 40 ms. Found 3 JPA repository interfaces.
2022-04-19 14:14:17.166  INFO 15752 --- [main] o.s.b.w.e.t.TomcatWebServer              : Tomcat initialized with port(s): 8080 (http)
2022-04-19 14:14:17.173  INFO 15752 --- [main] o.a.c.c.StandardService                  : Starting service [Tomcat]
2022-04-19 14:14:17.173  INFO 15752 --- [main] o.a.c.c.StandardEngine                   : Starting Servlet engine: [Apache Tomcat/9.0.58]
2022-04-19 14:14:17.266  INFO 15752 --- [main] o.a.c.c.C.[.[.[/]                        : Initializing Spring embedded WebApplicationContext
2022-04-19 14:14:17.266  INFO 15752 --- [main] w.s.c.ServletWebServerApplicationContext : Root WebApplicationContext: initialization completed in 1096 ms
2022-04-19 14:14:17.292  INFO 15752 --- [main] c.z.h.HikariDataSource                   : HikariPool-1 - Starting...
2022-04-19 14:14:17.353  INFO 15752 --- [main] c.z.h.HikariDataSource                   : HikariPool-1 - Start completed.
2022-04-19 14:14:17.359  INFO 15752 --- [main] o.s.b.a.h.H2ConsoleAutoConfiguration     : H2 console available at '/h2-console'. Database available at 'jdbc:h2:mem:testdb'
2022-04-19 14:14:17.468  WARN 15752 --- [main] JpaBaseConfiguration$JpaWebConfiguration : spring.jpa.open-in-view is enabled by default. Therefore, database queries may be performed during view rendering. Explicitly configure spring.jpa.open-in-view to disable this warning
2022-04-19 14:14:18.246  INFO 15752 --- [main] j.LocalContainerEntityManagerFactoryBean : Initialized JPA EntityManagerFactory for persistence unit 'default'
2022-04-19 14:14:18.313 DEBUG 15752 --- [main] o.s.w.f.CorsFilter                       : Filter 'corsFilter' configured for use
2022-04-19 14:14:18.703  WARN 15752 --- [main] o.s.s.c.a.w.b.WebSecurity                : You are asking Spring Security to ignore Ant [pattern='/**', OPTIONS]. This is not recommended -- please use permitAll via HttpSecurity#authorizeHttpRequests instead.
2022-04-19 14:14:18.704  INFO 15752 --- [main] o.s.s.w.DefaultSecurityFilterChain       : Will secure Ant [pattern='/**', OPTIONS] with []
2022-04-19 14:14:18.704  WARN 15752 --- [main] o.s.s.c.a.w.b.WebSecurity                : You are asking Spring Security to ignore Ant [pattern='/h2-console/**']. This is not recommended -- please use permitAll via HttpSecurity#authorizeHttpRequests instead.
2022-04-19 14:14:18.704  INFO 15752 --- [main] o.s.s.w.DefaultSecurityFilterChain       : Will secure Ant [pattern='/h2-console/**'] with []
2022-04-19 14:14:18.734  INFO 15752 --- [main] o.s.s.w.DefaultSecurityFilterChain       : Will not secure any request
2022-04-19 14:14:18.812 DEBUG 15752 --- [main] s.w.s.m.m.a.RequestMappingHandlerAdapter : ControllerAdvice beans: 0 @ModelAttribute, 0 @InitBinder, 1 RequestBodyAdvice, 1 ResponseBodyAdvice
2022-04-19 14:14:18.854 DEBUG 15752 --- [main] s.w.s.m.m.a.RequestMappingHandlerMapping : 22 mappings in 'requestMappingHandlerMapping'
2022-04-19 14:14:18.891 DEBUG 15752 --- [main] o.s.w.s.h.SimpleUrlHandlerMapping        : Patterns [/webjars/**, /**] in 'resourceHandlerMapping'
2022-04-19 14:14:18.901 DEBUG 15752 --- [main] .m.m.a.ExceptionHandlerExceptionResolver : ControllerAdvice beans: 0 @ExceptionHandler, 1 ResponseBodyAdvice
2022-04-19 14:14:19.037  INFO 15752 --- [main] o.s.b.w.e.t.TomcatWebServer              : Tomcat started on port(s): 8080 (http) with context path ''
2022-04-19 14:14:19.046  INFO 15752 --- [main] h.t.e.EIndexApplication                  : Started EIndexApplication in 3.313 seconds (JVM running for 4.081)
2022-04-19 14:14:22.986  INFO 15752 --- [http-nio-8080-exec-1] o.a.c.c.C.[.[.[/]                        : Initializing Spring DispatcherServlet 'dispatcherServlet'
2022-04-19 14:14:22.986  INFO 15752 --- [http-nio-8080-exec-1] o.s.w.s.DispatcherServlet                : Initializing Servlet 'dispatcherServlet'
2022-04-19 14:14:22.986 DEBUG 15752 --- [http-nio-8080-exec-1] o.s.w.s.DispatcherServlet                : Detected StandardServletMultipartResolver
2022-04-19 14:14:22.986 DEBUG 15752 --- [http-nio-8080-exec-1] o.s.w.s.DispatcherServlet                : Detected AcceptHeaderLocaleResolver
2022-04-19 14:14:22.986 DEBUG 15752 --- [http-nio-8080-exec-1] o.s.w.s.DispatcherServlet                : Detected FixedThemeResolver
2022-04-19 14:14:22.987 DEBUG 15752 --- [http-nio-8080-exec-1] o.s.w.s.DispatcherServlet                : Detected org.springframework.web.servlet.view.DefaultRequestToViewNameTranslator@c4ca86a
2022-04-19 14:14:22.987 DEBUG 15752 --- [http-nio-8080-exec-1] o.s.w.s.DispatcherServlet                : Detected org.springframework.web.servlet.support.SessionFlashMapManager@32f45e15
2022-04-19 14:14:22.987 DEBUG 15752 --- [http-nio-8080-exec-1] o.s.w.s.DispatcherServlet                : enableLoggingRequestDetails='false': request parameters and headers will be masked to prevent unsafe logging of potentially sensitive data
2022-04-19 14:14:22.987  INFO 15752 --- [http-nio-8080-exec-1] o.s.w.s.DispatcherServlet                : Completed initialization in 1 ms
2022-04-19 14:14:23.019 DEBUG 15752 --- [http-nio-8080-exec-2] o.s.w.s.DispatcherServlet                : POST "/api/authenticate", parameters={}
2022-04-19 14:14:23.021 DEBUG 15752 --- [http-nio-8080-exec-2] s.w.s.m.m.a.RequestMappingHandlerMapping : Mapped to hr.tvz.eindex.security.web.LoginController#authenticate(LoginDTO)
2022-04-19 14:14:23.067 DEBUG 15752 --- [http-nio-8080-exec-2] m.m.a.RequestResponseBodyMethodProcessor : Read "application/json;charset=UTF-8" to [hr.tvz.eindex.security.web.LoginController$LoginDTO@6a8fa28c]
2022-04-19 14:14:23.458 DEBUG 15752 --- [http-nio-8080-exec-2] o.s.w.s.m.m.a.HttpEntityMethodProcessor  : Using 'application/json', given [application/json, text/plain, */*] and supported [application/json, application/*+json, application/json, application/*+json]
2022-04-19 14:14:23.458 DEBUG 15752 --- [http-nio-8080-exec-2] o.s.w.s.m.m.a.HttpEntityMethodProcessor  : Writing [hr.tvz.eindex.security.web.LoginController$JWTToken@5dba1525]
2022-04-19 14:14:23.464 DEBUG 15752 --- [http-nio-8080-exec-2] o.s.w.s.DispatcherServlet                : Completed 200 OK
2022-04-19 14:14:23.494 DEBUG 15752 --- [http-nio-8080-exec-5] o.s.w.s.DispatcherServlet                : GET "/api/user/current-user", parameters={}
2022-04-19 14:14:23.495 DEBUG 15752 --- [http-nio-8080-exec-5] s.w.s.m.m.a.RequestMappingHandlerMapping : Mapped to hr.tvz.eindex.user.UserController#getCurrentUser()
2022-04-19 14:14:23.501 DEBUG 15752 --- [http-nio-8080-exec-5] o.s.w.s.m.m.a.HttpEntityMethodProcessor  : Using 'application/json', given [application/json, text/plain, */*] and supported [application/json]
2022-04-19 14:14:23.502 DEBUG 15752 --- [http-nio-8080-exec-5] o.s.w.s.m.m.a.HttpEntityMethodProcessor  : Writing [hr.tvz.eindex.user.UserDTO@48ff7041]
2022-04-19 14:14:23.503 DEBUG 15752 --- [http-nio-8080-exec-5] o.s.w.s.DispatcherServlet                : Completed 200 OK
2022-04-19 14:14:23.514 DEBUG 15752 --- [http-nio-8080-exec-6] o.s.w.s.DispatcherServlet                : GET "/api/user/current-user", parameters={}
2022-04-19 14:14:23.515 DEBUG 15752 --- [http-nio-8080-exec-6] s.w.s.m.m.a.RequestMappingHandlerMapping : Mapped to hr.tvz.eindex.user.UserController#getCurrentUser()
2022-04-19 14:14:23.517 DEBUG 15752 --- [http-nio-8080-exec-6] o.s.w.s.m.m.a.HttpEntityMethodProcessor  : Using 'application/json', given [application/json, text/plain, */*] and supported [application/json]
2022-04-19 14:14:23.517 DEBUG 15752 --- [http-nio-8080-exec-6] o.s.w.s.m.m.a.HttpEntityMethodProcessor  : Writing [hr.tvz.eindex.user.UserDTO@614f66a]
2022-04-19 14:14:23.518 DEBUG 15752 --- [http-nio-8080-exec-6] o.s.w.s.DispatcherServlet                : Completed 200 OK
2022-04-19 14:14:23.587 DEBUG 15752 --- [http-nio-8080-exec-10] o.s.w.s.DispatcherServlet                : GET "/api/user/allProfessors", parameters={}
2022-04-19 14:14:23.587 DEBUG 15752 --- [http-nio-8080-exec-1] o.s.w.s.DispatcherServlet                : GET "/api/user/allStudents", parameters={}
2022-04-19 14:14:23.588 DEBUG 15752 --- [http-nio-8080-exec-10] s.w.s.m.m.a.RequestMappingHandlerMapping : Mapped to hr.tvz.eindex.user.UserController#getProfesorByTitle()
2022-04-19 14:14:23.588 DEBUG 15752 --- [http-nio-8080-exec-1] s.w.s.m.m.a.RequestMappingHandlerMapping : Mapped to hr.tvz.eindex.user.UserController#getStudentByTitle()
2022-04-19 14:14:23.588  INFO 15752 --- [http-nio-8080-exec-10] h.t.e.u.UserController                   : metoda getProfesorByTitle radi
2022-04-19 14:14:23.588  INFO 15752 --- [http-nio-8080-exec-1] h.t.e.u.UserController                   : metoda getStudentByTitle radi
2022-04-19 14:14:23.590 DEBUG 15752 --- [http-nio-8080-exec-2] o.s.w.s.DispatcherServlet                : GET "/kolegiji", parameters={}
2022-04-19 14:14:23.590 DEBUG 15752 --- [http-nio-8080-exec-2] s.w.s.m.m.a.RequestMappingHandlerMapping : Mapped to hr.tvz.eindex.kolegij.KolegijController#getAllKolegij()
2022-04-19 14:14:23.594 DEBUG 15752 --- [http-nio-8080-exec-10] m.m.a.RequestResponseBodyMethodProcessor : Using 'application/json', given [application/json, text/plain, */*] and supported [application/json]
2022-04-19 14:14:23.595 DEBUG 15752 --- [http-nio-8080-exec-10] m.m.a.RequestResponseBodyMethodProcessor : Writing [[hr.tvz.eindex.user.UserDTO@40b3c3b3, hr.tvz.eindex.user.UserDTO@1db56736, hr.tvz.eindex.user.UserDT (truncated)...]
2022-04-19 14:14:23.597 DEBUG 15752 --- [http-nio-8080-exec-10] o.s.w.s.DispatcherServlet                : Completed 200 OK
2022-04-19 14:14:23.597 DEBUG 15752 --- [http-nio-8080-exec-2] m.m.a.RequestResponseBodyMethodProcessor : Using 'application/json', given [application/json, text/plain, */*] and supported [application/json, application/*+json, application/json, application/*+json]
2022-04-19 14:14:23.598 DEBUG 15752 --- [http-nio-8080-exec-2] m.m.a.RequestResponseBodyMethodProcessor : Writing [[hr.tvz.eindex.kolegij.KolegijDTO@6363335a, hr.tvz.eindex.kolegij.KolegijDTO@1eeb7bfa, hr.tvz.eindex (truncated)...]
2022-04-19 14:14:23.598 DEBUG 15752 --- [http-nio-8080-exec-1] m.m.a.RequestResponseBodyMethodProcessor : Using 'application/json', given [application/json, text/plain, */*] and supported [application/json]
2022-04-19 14:14:23.599 DEBUG 15752 --- [http-nio-8080-exec-1] m.m.a.RequestResponseBodyMethodProcessor : Writing [[hr.tvz.eindex.user.UserDTO@307bb6aa, hr.tvz.eindex.user.UserDTO@613b6fa8, hr.tvz.eindex.user.UserDT (truncated)...]
2022-04-19 14:14:23.600 DEBUG 15752 --- [http-nio-8080-exec-1] o.s.w.s.DispatcherServlet                : Completed 200 OK
2022-04-19 14:14:23.600 DEBUG 15752 --- [http-nio-8080-exec-2] o.s.w.s.DispatcherServlet                : Completed 200 OK
2022-04-19 14:14:24.200 DEBUG 15752 --- [http-nio-8080-exec-3] o.s.w.s.DispatcherServlet                : GET "/api/user/current-user", parameters={}
2022-04-19 14:14:24.200 DEBUG 15752 --- [http-nio-8080-exec-3] s.w.s.m.m.a.RequestMappingHandlerMapping : Mapped to hr.tvz.eindex.user.UserController#getCurrentUser()
2022-04-19 14:14:24.202 DEBUG 15752 --- [http-nio-8080-exec-3] o.s.w.s.m.m.a.HttpEntityMethodProcessor  : Using 'application/json', given [application/json, text/plain, */*] and supported [application/json]
2022-04-19 14:14:24.202 DEBUG 15752 --- [http-nio-8080-exec-3] o.s.w.s.m.m.a.HttpEntityMethodProcessor  : Writing [hr.tvz.eindex.user.UserDTO@3bb8b9a3]
2022-04-19 14:14:24.203 DEBUG 15752 --- [http-nio-8080-exec-3] o.s.w.s.DispatcherServlet                : Completed 200 OK
2022-04-19 14:14:24.223 DEBUG 15752 --- [http-nio-8080-exec-4] o.s.w.s.DispatcherServlet                : GET "/api/user/allStudents", parameters={}
2022-04-19 14:14:24.224 DEBUG 15752 --- [http-nio-8080-exec-4] s.w.s.m.m.a.RequestMappingHandlerMapping : Mapped to hr.tvz.eindex.user.UserController#getStudentByTitle()
2022-04-19 14:14:24.224  INFO 15752 --- [http-nio-8080-exec-4] h.t.e.u.UserController                   : metoda getStudentByTitle radi
2022-04-19 14:14:24.227 DEBUG 15752 --- [http-nio-8080-exec-4] m.m.a.RequestResponseBodyMethodProcessor : Using 'application/json', given [application/json, text/plain, */*] and supported [application/json]
2022-04-19 14:14:24.227 DEBUG 15752 --- [http-nio-8080-exec-4] m.m.a.RequestResponseBodyMethodProcessor : Writing [[hr.tvz.eindex.user.UserDTO@66d24c2f, hr.tvz.eindex.user.UserDTO@a0e95a1, hr.tvz.eindex.user.UserDTO (truncated)...]
2022-04-19 14:14:24.229 DEBUG 15752 --- [http-nio-8080-exec-4] o.s.w.s.DispatcherServlet                : Completed 200 OK
